{"/Users/jamesagwa/Apps/tam/App.js": {"path":"/Users/jamesagwa/Apps/tam/App.js","statementMap":{"0":{"start":{"line":13,"column":32},"end":{"line":13,"column":47}},"1":{"start":{"line":15,"column":2},"end":{"line":24,"column":9}},"2":{"start":{"line":16,"column":4},"end":{"line":23,"column":9}},"3":{"start":{"line":17,"column":6},"end":{"line":21,"column":9}},"4":{"start":{"line":22,"column":6},"end":{"line":22,"column":23}},"5":{"start":{"line":26,"column":2},"end":{"line":28,"column":3}},"6":{"start":{"line":27,"column":4},"end":{"line":27,"column":26}},"7":{"start":{"line":30,"column":2},"end":{"line":34,"column":4}}},"fnMap":{"0":{"name":"App","decl":{"start":{"line":12,"column":24},"end":{"line":12,"column":27}},"loc":{"start":{"line":12,"column":30},"end":{"line":35,"column":1}},"line":12},"1":{"name":"(anonymous_1)","decl":{"start":{"line":15,"column":12},"end":{"line":15,"column":13}},"loc":{"start":{"line":15,"column":18},"end":{"line":24,"column":3}},"line":15},"2":{"name":"(anonymous_2)","decl":{"start":{"line":16,"column":5},"end":{"line":16,"column":6}},"loc":{"start":{"line":16,"column":17},"end":{"line":23,"column":5}},"line":16}},"branchMap":{"0":{"loc":{"start":{"line":26,"column":2},"end":{"line":28,"column":3}},"type":"if","locations":[{"start":{"line":26,"column":2},"end":{"line":28,"column":3}},{"start":{"line":26,"column":2},"end":{"line":28,"column":3}}],"line":26}},"s":{"0":0,"1":0,"2":0,"3":0,"4":0,"5":0,"6":0,"7":0},"f":{"0":0,"1":0,"2":0},"b":{"0":[0,0]},"hash":"47dd454dff39aa6820cdb6e28d874d3e507e532b"}
,"/Users/jamesagwa/Apps/tam/jest.config.js": {"path":"/Users/jamesagwa/Apps/tam/jest.config.js","statementMap":{"0":{"start":{"line":1,"column":13},"end":{"line":1,"column":28}},"1":{"start":{"line":3,"column":0},"end":{"line":41,"column":2}}},"fnMap":{},"branchMap":{},"s":{"0":0,"1":0},"f":{},"b":{},"hash":"f8abcdf94e6bea686d8e050b3688533baf197e01"}
,"/Users/jamesagwa/Apps/tam/components/LoginForm.js": {"path":"/Users/jamesagwa/Apps/tam/components/LoginForm.js","statementMap":{"0":{"start":{"line":12,"column":18},"end":{"line":12,"column":33}},"1":{"start":{"line":13,"column":47},"end":{"line":13,"column":56}},"2":{"start":{"line":15,"column":2},"end":{"line":18,"column":17}},"3":{"start":{"line":16,"column":4},"end":{"line":16,"column":25}},"4":{"start":{"line":17,"column":4},"end":{"line":17,"column":25}},"5":{"start":{"line":20,"column":23},"end":{"line":58,"column":3}},"6":{"start":{"line":21,"column":21},"end":{"line":21,"column":27}},"7":{"start":{"line":22,"column":34},"end":{"line":22,"column":37}},"8":{"start":{"line":23,"column":25},"end":{"line":25,"column":5}},"9":{"start":{"line":27,"column":4},"end":{"line":35,"column":5}},"10":{"start":{"line":28,"column":6},"end":{"line":34,"column":9}},"11":{"start":{"line":37,"column":4},"end":{"line":56,"column":6}},"12":{"start":{"line":57,"column":4},"end":{"line":57,"column":31}},"13":{"start":{"line":60,"column":2},"end":{"line":78,"column":4}},"14":{"start":{"line":64,"column":37},"end":{"line":64,"column":63}},"15":{"start":{"line":68,"column":37},"end":{"line":68,"column":63}},"16":{"start":{"line":81,"column":0},"end":{"line":83,"column":2}}},"fnMap":{"0":{"name":"LoginForm","decl":{"start":{"line":11,"column":9},"end":{"line":11,"column":18}},"loc":{"start":{"line":11,"column":35},"end":{"line":79,"column":1}},"line":11},"1":{"name":"(anonymous_1)","decl":{"start":{"line":15,"column":12},"end":{"line":15,"column":13}},"loc":{"start":{"line":15,"column":18},"end":{"line":18,"column":3}},"line":15},"2":{"name":"(anonymous_2)","decl":{"start":{"line":20,"column":23},"end":{"line":20,"column":24}},"loc":{"start":{"line":20,"column":57},"end":{"line":58,"column":3}},"line":20},"3":{"name":"(anonymous_3)","decl":{"start":{"line":64,"column":29},"end":{"line":64,"column":30}},"loc":{"start":{"line":64,"column":37},"end":{"line":64,"column":63}},"line":64},"4":{"name":"(anonymous_4)","decl":{"start":{"line":68,"column":29},"end":{"line":68,"column":30}},"loc":{"start":{"line":68,"column":37},"end":{"line":68,"column":63}},"line":68}},"branchMap":{"0":{"loc":{"start":{"line":27,"column":4},"end":{"line":35,"column":5}},"type":"if","locations":[{"start":{"line":27,"column":4},"end":{"line":35,"column":5}},{"start":{"line":27,"column":4},"end":{"line":35,"column":5}}],"line":27}},"s":{"0":0,"1":0,"2":0,"3":0,"4":0,"5":0,"6":0,"7":0,"8":0,"9":0,"10":0,"11":0,"12":0,"13":0,"14":0,"15":0,"16":0},"f":{"0":0,"1":0,"2":0,"3":0,"4":0},"b":{"0":[0,0]},"hash":"3b073d6f135b52ca8e1fbeec822420c0d740aeb0"}
,"/Users/jamesagwa/Apps/tam/config/appContext.js": {"path":"/Users/jamesagwa/Apps/tam/config/appContext.js","statementMap":{"0":{"start":{"line":3,"column":19},"end":{"line":3,"column":40}},"1":{"start":{"line":6,"column":24},"end":{"line":6,"column":36}},"2":{"start":{"line":7,"column":16},"end":{"line":7,"column":51}},"3":{"start":{"line":7,"column":30},"end":{"line":7,"column":43}},"4":{"start":{"line":8,"column":2},"end":{"line":8,"column":58}},"5":{"start":{"line":13,"column":18},"end":{"line":13,"column":40}},"6":{"start":{"line":14,"column":2},"end":{"line":16,"column":3}},"7":{"start":{"line":15,"column":4},"end":{"line":15,"column":71}},"8":{"start":{"line":17,"column":24},"end":{"line":17,"column":31}},"9":{"start":{"line":20,"column":2},"end":{"line":23,"column":4}}},"fnMap":{"0":{"name":"AppProvider","decl":{"start":{"line":5,"column":9},"end":{"line":5,"column":20}},"loc":{"start":{"line":5,"column":28},"end":{"line":9,"column":1}},"line":5},"1":{"name":"(anonymous_1)","decl":{"start":{"line":7,"column":24},"end":{"line":7,"column":25}},"loc":{"start":{"line":7,"column":30},"end":{"line":7,"column":43}},"line":7},"2":{"name":"useAppContext","decl":{"start":{"line":11,"column":9},"end":{"line":11,"column":22}},"loc":{"start":{"line":11,"column":25},"end":{"line":24,"column":1}},"line":11}},"branchMap":{"0":{"loc":{"start":{"line":14,"column":2},"end":{"line":16,"column":3}},"type":"if","locations":[{"start":{"line":14,"column":2},"end":{"line":16,"column":3}},{"start":{"line":14,"column":2},"end":{"line":16,"column":3}}],"line":14}},"s":{"0":0,"1":0,"2":0,"3":0,"4":0,"5":0,"6":0,"7":0,"8":0,"9":0},"f":{"0":0,"1":0,"2":0},"b":{"0":[0,0]},"hash":"1493adfa1d597630e5cb28dfa9c76d9b96f1cba9"}
,"/Users/jamesagwa/Apps/tam/config/routes.js": {"path":"/Users/jamesagwa/Apps/tam/config/routes.js","statementMap":{"0":{"start":{"line":19,"column":24},"end":{"line":19,"column":47}},"1":{"start":{"line":20,"column":21},"end":{"line":31,"column":1}},"2":{"start":{"line":32,"column":22},"end":{"line":41,"column":1}},"3":{"start":{"line":43,"column":21},"end":{"line":54,"column":1}},"4":{"start":{"line":56,"column":12},"end":{"line":99,"column":1}},"5":{"start":{"line":57,"column":21},"end":{"line":57,"column":36}},"6":{"start":{"line":59,"column":2},"end":{"line":89,"column":9}},"7":{"start":{"line":61,"column":23},"end":{"line":61,"column":71}},"8":{"start":{"line":62,"column":25},"end":{"line":64,"column":7}},"9":{"start":{"line":66,"column":6},"end":{"line":68,"column":7}},"10":{"start":{"line":67,"column":8},"end":{"line":67,"column":47}},"11":{"start":{"line":70,"column":21},"end":{"line":72,"column":8}},"12":{"start":{"line":75,"column":6},"end":{"line":83,"column":7}},"13":{"start":{"line":76,"column":8},"end":{"line":82,"column":11}},"14":{"start":{"line":84,"column":6},"end":{"line":84,"column":23}},"15":{"start":{"line":86,"column":4},"end":{"line":86,"column":23}},"16":{"start":{"line":88,"column":4},"end":{"line":88,"column":78}},"17":{"start":{"line":88,"column":23},"end":{"line":88,"column":77}},"18":{"start":{"line":91,"column":2},"end":{"line":98,"column":4}}},"fnMap":{"0":{"name":"(anonymous_0)","decl":{"start":{"line":56,"column":12},"end":{"line":56,"column":13}},"loc":{"start":{"line":56,"column":18},"end":{"line":99,"column":1}},"line":56},"1":{"name":"(anonymous_1)","decl":{"start":{"line":59,"column":12},"end":{"line":59,"column":13}},"loc":{"start":{"line":59,"column":18},"end":{"line":89,"column":3}},"line":59},"2":{"name":"getLocationAsync","decl":{"start":{"line":60,"column":19},"end":{"line":60,"column":35}},"loc":{"start":{"line":60,"column":38},"end":{"line":85,"column":5}},"line":60},"3":{"name":"(anonymous_3)","decl":{"start":{"line":88,"column":11},"end":{"line":88,"column":12}},"loc":{"start":{"line":88,"column":23},"end":{"line":88,"column":77}},"line":88}},"branchMap":{"0":{"loc":{"start":{"line":66,"column":6},"end":{"line":68,"column":7}},"type":"if","locations":[{"start":{"line":66,"column":6},"end":{"line":68,"column":7}},{"start":{"line":66,"column":6},"end":{"line":68,"column":7}}],"line":66},"1":{"loc":{"start":{"line":75,"column":6},"end":{"line":83,"column":7}},"type":"if","locations":[{"start":{"line":75,"column":6},"end":{"line":83,"column":7}},{"start":{"line":75,"column":6},"end":{"line":83,"column":7}}],"line":75}},"s":{"0":0,"1":0,"2":0,"3":0,"4":0,"5":0,"6":0,"7":0,"8":0,"9":0,"10":0,"11":0,"12":0,"13":0,"14":0,"15":0,"16":0,"17":0,"18":0},"f":{"0":0,"1":0,"2":0,"3":0},"b":{"0":[0,0],"1":[0,0]},"hash":"45776cac44b39edd55a177550449f844ef066049"}
,"/Users/jamesagwa/Apps/tam/config/taskManager.js": {"path":"/Users/jamesagwa/Apps/tam/config/taskManager.js","statementMap":{"0":{"start":{"line":4,"column":0},"end":{"line":23,"column":3}},"1":{"start":{"line":8,"column":2},"end":{"line":11,"column":3}},"2":{"start":{"line":10,"column":4},"end":{"line":10,"column":11}},"3":{"start":{"line":12,"column":2},"end":{"line":22,"column":3}},"4":{"start":{"line":13,"column":4},"end":{"line":16,"column":6}},"5":{"start":{"line":17,"column":9},"end":{"line":22,"column":3}},"6":{"start":{"line":18,"column":4},"end":{"line":21,"column":6}}},"fnMap":{"0":{"name":"geoFencingTask","decl":{"start":{"line":4,"column":52},"end":{"line":4,"column":66}},"loc":{"start":{"line":7,"column":3},"end":{"line":23,"column":1}},"line":7}},"branchMap":{"0":{"loc":{"start":{"line":8,"column":2},"end":{"line":11,"column":3}},"type":"if","locations":[{"start":{"line":8,"column":2},"end":{"line":11,"column":3}},{"start":{"line":8,"column":2},"end":{"line":11,"column":3}}],"line":8},"1":{"loc":{"start":{"line":12,"column":2},"end":{"line":22,"column":3}},"type":"if","locations":[{"start":{"line":12,"column":2},"end":{"line":22,"column":3}},{"start":{"line":12,"column":2},"end":{"line":22,"column":3}}],"line":12},"2":{"loc":{"start":{"line":17,"column":9},"end":{"line":22,"column":3}},"type":"if","locations":[{"start":{"line":17,"column":9},"end":{"line":22,"column":3}},{"start":{"line":17,"column":9},"end":{"line":22,"column":3}}],"line":17}},"s":{"0":0,"1":0,"2":0,"3":0,"4":0,"5":0,"6":0},"f":{"0":0},"b":{"0":[0,0],"1":[0,0],"2":[0,0]},"hash":"09afae13cefcb3eb8751ef828e7a4557e8290585"}
,"/Users/jamesagwa/Apps/tam/screens/AuthLoadingScreen.js": {"path":"/Users/jamesagwa/Apps/tam/screens/AuthLoadingScreen.js","statementMap":{"0":{"start":{"line":7,"column":2},"end":{"line":12,"column":9}},"1":{"start":{"line":8,"column":4},"end":{"line":11,"column":9}},"2":{"start":{"line":9,"column":20},"end":{"line":9,"column":55}},"3":{"start":{"line":10,"column":6},"end":{"line":10,"column":50}},"4":{"start":{"line":14,"column":16},"end":{"line":19,"column":3}},"5":{"start":{"line":21,"column":2},"end":{"line":27,"column":4}},"6":{"start":{"line":30,"column":0},"end":{"line":30,"column":33}}},"fnMap":{"0":{"name":"AuthLoadingScreen","decl":{"start":{"line":6,"column":9},"end":{"line":6,"column":26}},"loc":{"start":{"line":6,"column":43},"end":{"line":28,"column":1}},"line":6},"1":{"name":"(anonymous_1)","decl":{"start":{"line":7,"column":12},"end":{"line":7,"column":13}},"loc":{"start":{"line":7,"column":18},"end":{"line":12,"column":3}},"line":7},"2":{"name":"(anonymous_2)","decl":{"start":{"line":8,"column":5},"end":{"line":8,"column":6}},"loc":{"start":{"line":8,"column":17},"end":{"line":11,"column":5}},"line":8}},"branchMap":{"0":{"loc":{"start":{"line":10,"column":26},"end":{"line":10,"column":48}},"type":"cond-expr","locations":[{"start":{"line":10,"column":34},"end":{"line":10,"column":39}},{"start":{"line":10,"column":42},"end":{"line":10,"column":48}}],"line":10}},"s":{"0":0,"1":0,"2":0,"3":0,"4":0,"5":0,"6":0},"f":{"0":0,"1":0,"2":0},"b":{"0":[0,0]},"hash":"b1f1a3d082448c7c39dba98cee9520da19a5f36c"}
,"/Users/jamesagwa/Apps/tam/screens/Home.js": {"path":"/Users/jamesagwa/Apps/tam/screens/Home.js","statementMap":{"0":{"start":{"line":21,"column":19},"end":{"line":29,"column":3}},"1":{"start":{"line":31,"column":2},"end":{"line":55,"column":36}},"2":{"start":{"line":32,"column":4},"end":{"line":54,"column":5}},"3":{"start":{"line":33,"column":6},"end":{"line":39,"column":9}},"4":{"start":{"line":41,"column":6},"end":{"line":53,"column":11}},"5":{"start":{"line":42,"column":8},"end":{"line":52,"column":9}},"6":{"start":{"line":43,"column":34},"end":{"line":43,"column":78}},"7":{"start":{"line":44,"column":33},"end":{"line":44,"column":94}},"8":{"start":{"line":46,"column":10},"end":{"line":49,"column":11}},"9":{"start":{"line":47,"column":25},"end":{"line":47,"column":70}},"10":{"start":{"line":48,"column":12},"end":{"line":48,"column":32}},"11":{"start":{"line":51,"column":10},"end":{"line":51,"column":39}},"12":{"start":{"line":57,"column":16},"end":{"line":62,"column":3}},"13":{"start":{"line":64,"column":2},"end":{"line":83,"column":4}},"14":{"start":{"line":71,"column":45},"end":{"line":71,"column":76}},"15":{"start":{"line":86,"column":0},"end":{"line":88,"column":2}},"16":{"start":{"line":90,"column":0},"end":{"line":92,"column":2}}},"fnMap":{"0":{"name":"HomeScreen","decl":{"start":{"line":19,"column":9},"end":{"line":19,"column":19}},"loc":{"start":{"line":19,"column":36},"end":{"line":84,"column":1}},"line":19},"1":{"name":"(anonymous_1)","decl":{"start":{"line":31,"column":12},"end":{"line":31,"column":13}},"loc":{"start":{"line":31,"column":18},"end":{"line":55,"column":3}},"line":31},"2":{"name":"(anonymous_2)","decl":{"start":{"line":41,"column":7},"end":{"line":41,"column":8}},"loc":{"start":{"line":41,"column":19},"end":{"line":53,"column":7}},"line":41},"3":{"name":"(anonymous_3)","decl":{"start":{"line":71,"column":39},"end":{"line":71,"column":40}},"loc":{"start":{"line":71,"column":45},"end":{"line":71,"column":76}},"line":71}},"branchMap":{"0":{"loc":{"start":{"line":32,"column":4},"end":{"line":54,"column":5}},"type":"if","locations":[{"start":{"line":32,"column":4},"end":{"line":54,"column":5}},{"start":{"line":32,"column":4},"end":{"line":54,"column":5}}],"line":32},"1":{"loc":{"start":{"line":32,"column":8},"end":{"line":32,"column":75}},"type":"binary-expr","locations":[{"start":{"line":32,"column":8},"end":{"line":32,"column":35}},{"start":{"line":32,"column":39},"end":{"line":32,"column":75}}],"line":32},"2":{"loc":{"start":{"line":46,"column":10},"end":{"line":49,"column":11}},"type":"if","locations":[{"start":{"line":46,"column":10},"end":{"line":49,"column":11}},{"start":{"line":46,"column":10},"end":{"line":49,"column":11}}],"line":46},"3":{"loc":{"start":{"line":46,"column":14},"end":{"line":46,"column":53}},"type":"binary-expr","locations":[{"start":{"line":46,"column":14},"end":{"line":46,"column":29}},{"start":{"line":46,"column":33},"end":{"line":46,"column":53}}],"line":46}},"s":{"0":0,"1":0,"2":0,"3":0,"4":0,"5":0,"6":0,"7":0,"8":0,"9":0,"10":0,"11":0,"12":0,"13":0,"14":0,"15":0,"16":0},"f":{"0":0,"1":0,"2":0,"3":0},"b":{"0":[0,0],"1":[0,0],"2":[0,0],"3":[0,0]},"hash":"35129a79fa30e645de141888927ac73b8042e18f"}
,"/Users/jamesagwa/Apps/tam/screens/Settings.js": {"path":"/Users/jamesagwa/Apps/tam/screens/Settings.js","statementMap":{"0":{"start":{"line":25,"column":24},"end":{"line":29,"column":3}},"1":{"start":{"line":26,"column":4},"end":{"line":26,"column":59}},"2":{"start":{"line":27,"column":4},"end":{"line":27,"column":43}},"3":{"start":{"line":28,"column":4},"end":{"line":28,"column":32}},"4":{"start":{"line":31,"column":16},"end":{"line":35,"column":3}},"5":{"start":{"line":37,"column":2},"end":{"line":134,"column":4}},"6":{"start":{"line":41,"column":45},"end":{"line":41,"column":64}},"7":{"start":{"line":59,"column":38},"end":{"line":59,"column":54}},"8":{"start":{"line":68,"column":38},"end":{"line":68,"column":54}},"9":{"start":{"line":97,"column":14},"end":{"line":102,"column":16}},"10":{"start":{"line":112,"column":14},"end":{"line":117,"column":16}},"11":{"start":{"line":128,"column":25},"end":{"line":128,"column":40}},"12":{"start":{"line":137,"column":0},"end":{"line":137,"column":30}}},"fnMap":{"0":{"name":"SettingsScreen","decl":{"start":{"line":24,"column":9},"end":{"line":24,"column":23}},"loc":{"start":{"line":24,"column":40},"end":{"line":135,"column":1}},"line":24},"1":{"name":"(anonymous_1)","decl":{"start":{"line":25,"column":24},"end":{"line":25,"column":25}},"loc":{"start":{"line":25,"column":36},"end":{"line":29,"column":3}},"line":25},"2":{"name":"(anonymous_2)","decl":{"start":{"line":41,"column":39},"end":{"line":41,"column":40}},"loc":{"start":{"line":41,"column":45},"end":{"line":41,"column":64}},"line":41},"3":{"name":"(anonymous_3)","decl":{"start":{"line":59,"column":31},"end":{"line":59,"column":32}},"loc":{"start":{"line":59,"column":38},"end":{"line":59,"column":54}},"line":59},"4":{"name":"(anonymous_4)","decl":{"start":{"line":68,"column":31},"end":{"line":68,"column":32}},"loc":{"start":{"line":68,"column":38},"end":{"line":68,"column":54}},"line":68},"5":{"name":"(anonymous_5)","decl":{"start":{"line":96,"column":21},"end":{"line":96,"column":22}},"loc":{"start":{"line":97,"column":14},"end":{"line":102,"column":16}},"line":97},"6":{"name":"(anonymous_6)","decl":{"start":{"line":111,"column":21},"end":{"line":111,"column":22}},"loc":{"start":{"line":112,"column":14},"end":{"line":117,"column":16}},"line":112},"7":{"name":"(anonymous_7)","decl":{"start":{"line":128,"column":19},"end":{"line":128,"column":20}},"loc":{"start":{"line":128,"column":25},"end":{"line":128,"column":40}},"line":128}},"branchMap":{},"s":{"0":0,"1":0,"2":0,"3":0,"4":0,"5":0,"6":0,"7":0,"8":0,"9":0,"10":0,"11":0,"12":0},"f":{"0":0,"1":0,"2":0,"3":0,"4":0,"5":0,"6":0,"7":0},"b":{},"hash":"430d4e259976e04d608fd254a136e76e785b76c3"}
}
