TN:
SF:/Users/jamesagwa/Apps/tam/App.js
FN:12,App
FN:15,(anonymous_1)
FN:16,(anonymous_2)
FNF:3
FNH:0
FNDA:0,App
FNDA:0,(anonymous_1)
FNDA:0,(anonymous_2)
DA:13,0
DA:15,0
DA:16,0
DA:17,0
DA:22,0
DA:26,0
DA:27,0
DA:30,0
LF:8
LH:0
BRDA:26,0,0,0
BRDA:26,0,1,0
BRF:2
BRH:0
end_of_record
TN:
SF:/Users/jamesagwa/Apps/tam/jest.config.js
FNF:0
FNH:0
DA:1,0
DA:3,0
LF:2
LH:0
BRF:0
BRH:0
end_of_record
TN:
SF:/Users/jamesagwa/Apps/tam/components/LoginForm.js
FN:11,LoginForm
FN:15,(anonymous_1)
FN:20,(anonymous_2)
FN:64,(anonymous_3)
FN:68,(anonymous_4)
FNF:5
FNH:0
FNDA:0,LoginForm
FNDA:0,(anonymous_1)
FNDA:0,(anonymous_2)
FNDA:0,(anonymous_3)
FNDA:0,(anonymous_4)
DA:12,0
DA:13,0
DA:15,0
DA:16,0
DA:17,0
DA:20,0
DA:21,0
DA:22,0
DA:23,0
DA:27,0
DA:28,0
DA:37,0
DA:57,0
DA:60,0
DA:64,0
DA:68,0
DA:81,0
LF:17
LH:0
BRDA:27,0,0,0
BRDA:27,0,1,0
BRF:2
BRH:0
end_of_record
TN:
SF:/Users/jamesagwa/Apps/tam/config/appContext.js
FN:5,AppProvider
FN:7,(anonymous_1)
FN:11,useAppContext
FNF:3
FNH:0
FNDA:0,AppProvider
FNDA:0,(anonymous_1)
FNDA:0,useAppContext
DA:3,0
DA:6,0
DA:7,0
DA:8,0
DA:13,0
DA:14,0
DA:15,0
DA:17,0
DA:20,0
LF:9
LH:0
BRDA:14,0,0,0
BRDA:14,0,1,0
BRF:2
BRH:0
end_of_record
TN:
SF:/Users/jamesagwa/Apps/tam/config/routes.js
FN:56,(anonymous_0)
FN:59,(anonymous_1)
FN:60,getLocationAsync
FN:88,(anonymous_3)
FNF:4
FNH:0
FNDA:0,(anonymous_0)
FNDA:0,(anonymous_1)
FNDA:0,getLocationAsync
FNDA:0,(anonymous_3)
DA:19,0
DA:20,0
DA:32,0
DA:43,0
DA:56,0
DA:57,0
DA:59,0
DA:61,0
DA:62,0
DA:66,0
DA:67,0
DA:70,0
DA:75,0
DA:76,0
DA:84,0
DA:86,0
DA:88,0
DA:91,0
LF:18
LH:0
BRDA:66,0,0,0
BRDA:66,0,1,0
BRDA:75,1,0,0
BRDA:75,1,1,0
BRF:4
BRH:0
end_of_record
TN:
SF:/Users/jamesagwa/Apps/tam/config/taskManager.js
FN:4,geoFencingTask
FNF:1
FNH:0
FNDA:0,geoFencingTask
DA:4,0
DA:8,0
DA:10,0
DA:12,0
DA:13,0
DA:17,0
DA:18,0
LF:7
LH:0
BRDA:8,0,0,0
BRDA:8,0,1,0
BRDA:12,1,0,0
BRDA:12,1,1,0
BRDA:17,2,0,0
BRDA:17,2,1,0
BRF:6
BRH:0
end_of_record
TN:
SF:/Users/jamesagwa/Apps/tam/screens/AuthLoadingScreen.js
FN:6,AuthLoadingScreen
FN:7,(anonymous_1)
FN:8,(anonymous_2)
FNF:3
FNH:0
FNDA:0,AuthLoadingScreen
FNDA:0,(anonymous_1)
FNDA:0,(anonymous_2)
DA:7,0
DA:8,0
DA:9,0
DA:10,0
DA:14,0
DA:21,0
DA:30,0
LF:7
LH:0
BRDA:10,0,0,0
BRDA:10,0,1,0
BRF:2
BRH:0
end_of_record
TN:
SF:/Users/jamesagwa/Apps/tam/screens/Home.js
FN:19,HomeScreen
FN:31,(anonymous_1)
FN:41,(anonymous_2)
FN:71,(anonymous_3)
FNF:4
FNH:0
FNDA:0,HomeScreen
FNDA:0,(anonymous_1)
FNDA:0,(anonymous_2)
FNDA:0,(anonymous_3)
DA:21,0
DA:31,0
DA:32,0
DA:33,0
DA:41,0
DA:42,0
DA:43,0
DA:44,0
DA:46,0
DA:47,0
DA:48,0
DA:51,0
DA:57,0
DA:64,0
DA:71,0
DA:86,0
DA:90,0
LF:17
LH:0
BRDA:32,0,0,0
BRDA:32,0,1,0
BRDA:32,1,0,0
BRDA:32,1,1,0
BRDA:46,2,0,0
BRDA:46,2,1,0
BRDA:46,3,0,0
BRDA:46,3,1,0
BRF:8
BRH:0
end_of_record
TN:
SF:/Users/jamesagwa/Apps/tam/screens/Settings.js
FN:24,SettingsScreen
FN:25,(anonymous_1)
FN:41,(anonymous_2)
FN:59,(anonymous_3)
FN:68,(anonymous_4)
FN:96,(anonymous_5)
FN:111,(anonymous_6)
FN:128,(anonymous_7)
FNF:8
FNH:0
FNDA:0,SettingsScreen
FNDA:0,(anonymous_1)
FNDA:0,(anonymous_2)
FNDA:0,(anonymous_3)
FNDA:0,(anonymous_4)
FNDA:0,(anonymous_5)
FNDA:0,(anonymous_6)
FNDA:0,(anonymous_7)
DA:25,0
DA:26,0
DA:27,0
DA:28,0
DA:31,0
DA:37,0
DA:41,0
DA:59,0
DA:68,0
DA:97,0
DA:112,0
DA:128,0
DA:137,0
LF:13
LH:0
BRF:0
BRH:0
end_of_record
